<?xml version="1.0" encoding="UTF-8"?>
<!-- Generated by org.testng.reporters.JUnitReportReporter -->
<testsuite hostname="DESKTOP-RGJHHO9" failures="0" tests="1" name="test.test_Json_Validator" time="7.258" errors="0" timestamp="2020-12-31T09:15:16 IST" skipped="0">
  <testcase classname="test.test_Json_Validator" name="test_JsonValidator" time="7.258"/>
  <system-out/>
</testsuite> <!-- test.test_Json_Validator -->
