<?xml version="1.0" encoding="UTF-8"?>
<!-- Generated by org.testng.reporters.JUnitReportReporter -->
<testsuite hostname="DESKTOP-RGJHHO9" failures="0" tests="1" name="test.test02" time="7.756" errors="0" timestamp="2020-12-30T17:54:06 IST" skipped="0">
  <testcase classname="test.test02" name="test_Get" time="7.756"/>
  <system-out/>
</testsuite> <!-- test.test02 -->
