<?xml version="1.0" encoding="UTF-8"?>
<!-- Generated by org.testng.reporters.JUnitReportReporter -->
<testsuite hostname="DESKTOP-RGJHHO9" failures="0" tests="1" name="test.Example" time="4.505" errors="0" timestamp="2020-12-29T23:48:29 IST" skipped="0">
  <testcase classname="test.Example" name="example" time="4.505"/>
  <system-out/>
</testsuite> <!-- test.Example -->
