<?xml version="1.0" encoding="UTF-8"?>
<!-- Generated by org.testng.reporters.JUnitReportReporter -->
<testsuite hostname="DESKTOP-RGJHHO9" failures="0" tests="1" name="test.test_GET_API" time="2.359" errors="0" timestamp="2020-12-30T21:38:49 IST" skipped="0">
  <testcase classname="test.test_GET_API" name="test_Get" time="2.359"/>
  <system-out/>
</testsuite> <!-- test.test_GET_API -->
