<?xml version="1.0" encoding="UTF-8"?>
<!-- Generated by org.testng.reporters.JUnitReportReporter -->
<testsuite hostname="DESKTOP-RGJHHO9" failures="0" tests="1" name="test.test03" time="4.171" errors="0" timestamp="2020-12-30T18:08:13 IST" skipped="0">
  <testcase classname="test.test03" name="test_Delete" time="4.171"/>
  <system-out/>
</testsuite> <!-- test.test03 -->
