<?xml version="1.0" encoding="UTF-8"?>
<!-- Generated by org.testng.reporters.JUnitReportReporter -->
<testsuite hostname="DESKTOP-RGJHHO9" failures="0" tests="1" name="test.test01" time="6.119" errors="0" timestamp="2020-12-30T16:53:24 IST" skipped="0">
  <testcase classname="test.test01" name="example" time="6.119"/>
  <system-out/>
</testsuite> <!-- test.test01 -->
